GowinSynthesis start
Running parser ...
Analyzing Verilog file 'C:\Users\palko\Desktop\NVG\Uj_kezdes\Uj_kezdes4.3.3 BOB linebuff\src\async_gray_fifo.v'
Analyzing Verilog file 'C:\Users\palko\Desktop\NVG\Uj_kezdes\Uj_kezdes4.3.3 BOB linebuff\src\cam_crop_240.v'
Analyzing Verilog file 'C:\Users\palko\Desktop\NVG\Uj_kezdes\Uj_kezdes4.3.3 BOB linebuff\src\cam_field_diag.v'
Analyzing Verilog file 'C:\Users\palko\Desktop\NVG\Uj_kezdes\Uj_kezdes4.3.3 BOB linebuff\src\cam_field_line_counter.v'
Analyzing Verilog file 'C:\Users\palko\Desktop\NVG\Uj_kezdes\Uj_kezdes4.3.3 BOB linebuff\src\cam_frame_line_counter.v'
Analyzing Verilog file 'C:\Users\palko\Desktop\NVG\Uj_kezdes\Uj_kezdes4.3.3 BOB linebuff\src\cam_i2c_diag_lines.v'
Analyzing Verilog file 'C:\Users\palko\Desktop\NVG\Uj_kezdes\Uj_kezdes4.3.3 BOB linebuff\src\cdc_reqack_bus.v'
Analyzing Verilog file 'C:\Users\palko\Desktop\NVG\Uj_kezdes\Uj_kezdes4.3.3 BOB linebuff\src\gowin_clkdiv\gowin_clkdiv.v'
Analyzing Verilog file 'C:\Users\palko\Desktop\NVG\Uj_kezdes\Uj_kezdes4.3.3 BOB linebuff\src\gowin_rpll\gowin_rpll.v'
Analyzing Verilog file 'C:\Users\palko\Desktop\NVG\Uj_kezdes\Uj_kezdes4.3.3 BOB linebuff\src\hdmi_480p_core.v'
Analyzing included file 'C:\Users\palko\Desktop\NVG\Uj_kezdes\Uj_kezdes4.3.3 BOB linebuff\src\svo_defines.vh'("C:\Users\palko\Desktop\NVG\Uj_kezdes\Uj_kezdes4.3.3 BOB linebuff\src\hdmi_480p_core.v":3)
Back to file 'C:\Users\palko\Desktop\NVG\Uj_kezdes\Uj_kezdes4.3.3 BOB linebuff\src\hdmi_480p_core.v'("C:\Users\palko\Desktop\NVG\Uj_kezdes\Uj_kezdes4.3.3 BOB linebuff\src\hdmi_480p_core.v":3)
Analyzing Verilog file 'C:\Users\palko\Desktop\NVG\Uj_kezdes\Uj_kezdes4.3.3 BOB linebuff\src\i2c_diag_pager.v'
Analyzing Verilog file 'C:\Users\palko\Desktop\NVG\Uj_kezdes\Uj_kezdes4.3.3 BOB linebuff\src\i2c_diag_test240.v'
Analyzing Verilog file 'C:\Users\palko\Desktop\NVG\Uj_kezdes\Uj_kezdes4.3.3 BOB linebuff\src\i2c_frame_logger_arduino.v'
Analyzing Verilog file 'C:\Users\palko\Desktop\NVG\Uj_kezdes\Uj_kezdes4.3.3 BOB linebuff\src\line_buffer_dc.v'
Analyzing Verilog file 'C:\Users\palko\Desktop\NVG\Uj_kezdes\Uj_kezdes4.3.3 BOB linebuff\src\svo_defines.vh'
Analyzing Verilog file 'C:\Users\palko\Desktop\NVG\Uj_kezdes\Uj_kezdes4.3.3 BOB linebuff\src\svo_tmds.v'
Analyzing included file 'C:\Users\palko\Desktop\NVG\Uj_kezdes\Uj_kezdes4.3.3 BOB linebuff\src\svo_defines.vh'("C:\Users\palko\Desktop\NVG\Uj_kezdes\Uj_kezdes4.3.3 BOB linebuff\src\svo_tmds.v":2)
Back to file 'C:\Users\palko\Desktop\NVG\Uj_kezdes\Uj_kezdes4.3.3 BOB linebuff\src\svo_tmds.v'("C:\Users\palko\Desktop\NVG\Uj_kezdes\Uj_kezdes4.3.3 BOB linebuff\src\svo_tmds.v":2)
Analyzing Verilog file 'C:\Users\palko\Desktop\NVG\Uj_kezdes\Uj_kezdes4.3.3 BOB linebuff\src\toggle_period_pix_to_cam.v'
Analyzing Verilog file 'C:\Users\palko\Desktop\NVG\Uj_kezdes\Uj_kezdes4.3.3 BOB linebuff\src\top.v'
Analyzing Verilog file 'C:\Users\palko\Desktop\NVG\Uj_kezdes\Uj_kezdes4.3.3 BOB linebuff\src\tvp5150_capture.v'
Analyzing Verilog file 'C:\Users\palko\Desktop\NVG\Uj_kezdes\Uj_kezdes4.3.3 BOB linebuff\src\tvp5150_i2c_init.v'
Compiling module 'top'("C:\Users\palko\Desktop\NVG\Uj_kezdes\Uj_kezdes4.3.3 BOB linebuff\src\top.v":5)
Compiling module 'tvp5150_i2c_init'("C:\Users\palko\Desktop\NVG\Uj_kezdes\Uj_kezdes4.3.3 BOB linebuff\src\tvp5150_i2c_init.v":14)
Compiling module 'Gowin_rPLL'("C:\Users\palko\Desktop\NVG\Uj_kezdes\Uj_kezdes4.3.3 BOB linebuff\src\gowin_rpll\gowin_rpll.v":10)
Compiling module 'Gowin_CLKDIV'("C:\Users\palko\Desktop\NVG\Uj_kezdes\Uj_kezdes4.3.3 BOB linebuff\src\gowin_clkdiv\gowin_clkdiv.v":10)
Compiling module 'Reset_Sync'("C:\Users\palko\Desktop\NVG\Uj_kezdes\Uj_kezdes4.3.3 BOB linebuff\src\top.v":274)
Compiling module 'tvp5150_capture'("C:\Users\palko\Desktop\NVG\Uj_kezdes\Uj_kezdes4.3.3 BOB linebuff\src\tvp5150_capture.v":4)
Compiling module 'cam_field_line_counter'("C:\Users\palko\Desktop\NVG\Uj_kezdes\Uj_kezdes4.3.3 BOB linebuff\src\cam_field_line_counter.v":4)
Compiling module 'hdmi_480p_core'("C:\Users\palko\Desktop\NVG\Uj_kezdes\Uj_kezdes4.3.3 BOB linebuff\src\hdmi_480p_core.v":5)
Extracting RAM for identifier 'cam_desc_fifo'("C:\Users\palko\Desktop\NVG\Uj_kezdes\Uj_kezdes4.3.3 BOB linebuff\src\hdmi_480p_core.v":169)
Extracting RAM for identifier 'desc_fifo'("C:\Users\palko\Desktop\NVG\Uj_kezdes\Uj_kezdes4.3.3 BOB linebuff\src\hdmi_480p_core.v":454)
Compiling module 'cdc_reqack_bus(W=16)'("C:\Users\palko\Desktop\NVG\Uj_kezdes\Uj_kezdes4.3.3 BOB linebuff\src\cdc_reqack_bus.v":4)
Compiling module 'cdc_reqack_bus(W=5)'("C:\Users\palko\Desktop\NVG\Uj_kezdes\Uj_kezdes4.3.3 BOB linebuff\src\cdc_reqack_bus.v":4)
Compiling module 'line_buffer_dc'("C:\Users\palko\Desktop\NVG\Uj_kezdes\Uj_kezdes4.3.3 BOB linebuff\src\line_buffer_dc.v":4)
Extracting RAM for identifier 'mem'("C:\Users\palko\Desktop\NVG\Uj_kezdes\Uj_kezdes4.3.3 BOB linebuff\src\line_buffer_dc.v":19)
Compiling module 'svo_tmds'("C:\Users\palko\Desktop\NVG\Uj_kezdes\Uj_kezdes4.3.3 BOB linebuff\src\svo_tmds.v":4)
Compiling module 'toggle_period_pix_to_cam'("C:\Users\palko\Desktop\NVG\Uj_kezdes\Uj_kezdes4.3.3 BOB linebuff\src\toggle_period_pix_to_cam.v":8)
Compiling module 'i2c_diag_pager'("C:\Users\palko\Desktop\NVG\Uj_kezdes\Uj_kezdes4.3.3 BOB linebuff\src\i2c_diag_pager.v":39)
Compiling module 'i2c_frame_logger_arduino'("C:\Users\palko\Desktop\NVG\Uj_kezdes\Uj_kezdes4.3.3 BOB linebuff\src\i2c_frame_logger_arduino.v":4)
NOTE  (EX0101) : Current top module is "top"
[5%] Running netlist conversion ...
Running device independent optimization ...
[10%] Optimizing Phase 0 completed
[15%] Optimizing Phase 1 completed
[25%] Optimizing Phase 2 completed
Running inference ...
[30%] Inferring Phase 0 completed
[40%] Inferring Phase 1 completed
[50%] Inferring Phase 2 completed
[55%] Inferring Phase 3 completed
Running technical mapping ...
[60%] Tech-Mapping Phase 0 completed
[65%] Tech-Mapping Phase 1 completed
[75%] Tech-Mapping Phase 2 completed
[80%] Tech-Mapping Phase 3 completed
[90%] Tech-Mapping Phase 4 completed
[95%] Generate netlist file "C:\Users\palko\Desktop\NVG\Uj_kezdes\Uj_kezdes4.3.3 BOB linebuff\impl\gwsynthesis\Uj_kezdes1.vg" completed
[100%] Generate report file "C:\Users\palko\Desktop\NVG\Uj_kezdes\Uj_kezdes4.3.3 BOB linebuff\impl\gwsynthesis\Uj_kezdes1_syn.rpt.html" completed
GowinSynthesis finish
