Reading netlist file: "C:\Users\palko\Desktop\NVG\Uj_kezdes\Uj_kezdes4.3.3 BOB linebuff\impl\gwsynthesis\Uj_kezdes1.vg"
Parsing netlist file "C:\Users\palko\Desktop\NVG\Uj_kezdes\Uj_kezdes4.3.3 BOB linebuff\impl\gwsynthesis\Uj_kezdes1.vg" completed
Processing netlist completed
Reading constraint file: "C:\Users\palko\Desktop\NVG\Uj_kezdes\Uj_kezdes4.3.3 BOB linebuff\src\Uj_kezdes1.cst"
Physical Constraint parsed completed
Running placement......
[10%] Placement Phase 0 completed
[20%] Placement Phase 1 completed
[30%] Placement Phase 2 completed
WARN  (TA1132) :  'u_div_5/clkdiv_inst/CLKOUT.default_gen_clk' was determined to be a clock but was not created.
[50%] Placement Phase 3 completed
Running routing......
[60%] Routing Phase 0 completed
[70%] Routing Phase 1 completed
[80%] Routing Phase 2 completed
[90%] Routing Phase 3 completed
Running timing analysis......
[95%] Timing analysis completed
Placement and routing completed
Bitstream generation in progress......
Bitstream generation completed
Running power analysis......
[100%] Power analysis completed
Generate file "C:\Users\palko\Desktop\NVG\Uj_kezdes\Uj_kezdes4.3.3 BOB linebuff\impl\pnr\Uj_kezdes1.power.html" completed
Generate file "C:\Users\palko\Desktop\NVG\Uj_kezdes\Uj_kezdes4.3.3 BOB linebuff\impl\pnr\Uj_kezdes1.pin.html" completed
Generate file "C:\Users\palko\Desktop\NVG\Uj_kezdes\Uj_kezdes4.3.3 BOB linebuff\impl\pnr\Uj_kezdes1.rpt.html" completed
Generate file "C:\Users\palko\Desktop\NVG\Uj_kezdes\Uj_kezdes4.3.3 BOB linebuff\impl\pnr\Uj_kezdes1.rpt.txt" completed
Generate file "C:\Users\palko\Desktop\NVG\Uj_kezdes\Uj_kezdes4.3.3 BOB linebuff\impl\pnr\Uj_kezdes1.tr.html" completed
Mon Dec 29 20:47:08 2025

